[1126/102334.156:WARNING:dns_config_service_win.cc(668)] Failed to read DnsConfig.
[1126/103112.505:INFO:CONSOLE(1)] "Long rAF frame-time", source: file:///C:/Program%20Files/Adobe/Adobe%20Photoshop%202020/Required/www-rich-tooltips/build/external.js (1)
[1126/104120.058:WARNING:dns_config_service_win.cc(668)] Failed to read DnsConfig.
[1126/113304.799:ERROR:browser_gpu_channel_host_factory.cc(139)] Failed to launch GPU process.
[1203/093402.448:WARNING:dns_config_service_win.cc(668)] Failed to read DnsConfig.
[1203/093407.465:WARNING:dns_config_service_win.cc(668)] Failed to read DnsConfig.
[1203/093412.479:WARNING:dns_config_service_win.cc(668)] Failed to read DnsConfig.
[1203/093417.494:WARNING:dns_config_service_win.cc(668)] Failed to read DnsConfig.
[1203/093422.504:WARNING:dns_config_service_win.cc(668)] Failed to read DnsConfig.
[1203/093427.518:WARNING:dns_config_service_win.cc(668)] Failed to read DnsConfig.
[1203/093432.533:WARNING:dns_config_service_win.cc(668)] Failed to read DnsConfig.
[1203/093437.547:WARNING:dns_config_service_win.cc(668)] Failed to read DnsConfig.
[1203/093442.555:WARNING:dns_config_service_win.cc(668)] Failed to read DnsConfig.
[1203/093447.563:WARNING:dns_config_service_win.cc(668)] Failed to read DnsConfig.
[1203/093452.578:WARNING:dns_config_service_win.cc(668)] Failed to read DnsConfig.
[1203/093457.592:WARNING:dns_config_service_win.cc(668)] Failed to read DnsConfig.
[1203/093502.607:WARNING:dns_config_service_win.cc(668)] Failed to read DnsConfig.
[1203/093507.621:WARNING:dns_config_service_win.cc(668)] Failed to read DnsConfig.
[1203/093512.632:WARNING:dns_config_service_win.cc(668)] Failed to read DnsConfig.
[1203/093517.647:WARNING:dns_config_service_win.cc(668)] Failed to read DnsConfig.
[1203/093522.663:WARNING:dns_config_service_win.cc(668)] Failed to read DnsConfig.
[1203/093527.675:WARNING:dns_config_service_win.cc(668)] Failed to read DnsConfig.
[1203/093532.689:WARNING:dns_config_service_win.cc(668)] Failed to read DnsConfig.
[1203/093537.694:WARNING:dns_config_service_win.cc(668)] Failed to read DnsConfig.
[1203/093542.709:WARNING:dns_config_service_win.cc(668)] Failed to read DnsConfig.
[1203/093547.723:WARNING:dns_config_service_win.cc(668)] Failed to read DnsConfig.
[1203/093552.738:WARNING:dns_config_service_win.cc(668)] Failed to read DnsConfig.
[1203/093557.750:WARNING:dns_config_service_win.cc(668)] Failed to read DnsConfig.
[1203/093602.758:WARNING:dns_config_service_win.cc(668)] Failed to read DnsConfig.
[1203/093607.775:WARNING:dns_config_service_win.cc(668)] Failed to read DnsConfig.
[1203/093612.790:WARNING:dns_config_service_win.cc(668)] Failed to read DnsConfig.
[1203/093617.808:WARNING:dns_config_service_win.cc(668)] Failed to read DnsConfig.
[1203/093622.824:WARNING:dns_config_service_win.cc(668)] Failed to read DnsConfig.
[1203/093627.838:WARNING:dns_config_service_win.cc(668)] Failed to read DnsConfig.
[1203/093632.853:WARNING:dns_config_service_win.cc(668)] Failed to read DnsConfig.
[1203/093637.868:WARNING:dns_config_service_win.cc(668)] Failed to read DnsConfig.
[1203/093642.882:WARNING:dns_config_service_win.cc(668)] Failed to read DnsConfig.
[1203/093647.896:WARNING:dns_config_service_win.cc(668)] Failed to read DnsConfig.
[1203/093652.911:WARNING:dns_config_service_win.cc(668)] Failed to read DnsConfig.
[1203/093657.925:WARNING:dns_config_service_win.cc(668)] Failed to read DnsConfig.
[1203/093702.940:WARNING:dns_config_service_win.cc(668)] Failed to read DnsConfig.
[1203/093707.954:WARNING:dns_config_service_win.cc(668)] Failed to read DnsConfig.
[1203/093712.968:WARNING:dns_config_service_win.cc(668)] Failed to read DnsConfig.
[1203/093717.983:WARNING:dns_config_service_win.cc(668)] Failed to read DnsConfig.
[1203/093722.997:WARNING:dns_config_service_win.cc(668)] Failed to read DnsConfig.
[1203/093728.012:WARNING:dns_config_service_win.cc(668)] Failed to read DnsConfig.
[1203/093733.026:WARNING:dns_config_service_win.cc(668)] Failed to read DnsConfig.
[1203/093738.041:WARNING:dns_config_service_win.cc(668)] Failed to read DnsConfig.
[1203/093743.051:WARNING:dns_config_service_win.cc(668)] Failed to read DnsConfig.
[1203/093748.062:WARNING:dns_config_service_win.cc(668)] Failed to read DnsConfig.
[1203/093753.067:WARNING:dns_config_service_win.cc(668)] Failed to read DnsConfig.
[1203/093758.082:WARNING:dns_config_service_win.cc(668)] Failed to read DnsConfig.
[1203/093803.096:WARNING:dns_config_service_win.cc(668)] Failed to read DnsConfig.
[1203/093808.110:WARNING:dns_config_service_win.cc(668)] Failed to read DnsConfig.
[1203/093813.125:WARNING:dns_config_service_win.cc(668)] Failed to read DnsConfig.
[1203/093818.139:WARNING:dns_config_service_win.cc(668)] Failed to read DnsConfig.
[1203/093823.154:WARNING:dns_config_service_win.cc(668)] Failed to read DnsConfig.
[1203/093828.168:WARNING:dns_config_service_win.cc(668)] Failed to read DnsConfig.
[1203/093833.183:WARNING:dns_config_service_win.cc(668)] Failed to read DnsConfig.
[1203/093838.197:WARNING:dns_config_service_win.cc(668)] Failed to read DnsConfig.
[1203/093843.212:WARNING:dns_config_service_win.cc(668)] Failed to read DnsConfig.
[1203/093848.226:WARNING:dns_config_service_win.cc(668)] Failed to read DnsConfig.
[1203/093853.236:WARNING:dns_config_service_win.cc(668)] Failed to read DnsConfig.
[1203/093858.255:WARNING:dns_config_service_win.cc(668)] Failed to read DnsConfig.
[1203/093903.269:WARNING:dns_config_service_win.cc(668)] Failed to read DnsConfig.
[1203/093908.283:WARNING:dns_config_service_win.cc(668)] Failed to read DnsConfig.
[1203/093913.298:WARNING:dns_config_service_win.cc(668)] Failed to read DnsConfig.
[1203/093918.312:WARNING:dns_config_service_win.cc(668)] Failed to read DnsConfig.
[1203/093923.324:WARNING:dns_config_service_win.cc(668)] Failed to read DnsConfig.
[1203/100033.256:INFO:CONSOLE(1)] "Long rAF frame-time", source: file:///C:/Program%20Files/Adobe/Adobe%20Photoshop%202020/Required/www-rich-tooltips/build/external.js (1)
[1203/115402.548:ERROR:media_internals.cc(112)] Cannot get RenderProcessHost
[1206/110450.204:WARNING:dns_config_service_win.cc(668)] Failed to read DnsConfig.
[1206/110455.219:WARNING:dns_config_service_win.cc(668)] Failed to read DnsConfig.
[1206/110458.165:WARNING:angle_platform_impl.cc(52)] compileToBinary(230): 
C:\fakepath(57,8-58): warning X3571: pow(f, e) will not work for negative f, use abs(f) or conditionally handle negative values if you expect them
C:\fakepath(65,9-43): warning X3571: pow(f, e) will not work for negative f, use abs(f) or conditionally handle negative values if you expect them

[1206/110458.227:WARNING:angle_platform_impl.cc(52)] compileToBinary(230): 
C:\fakepath(38,8-58): warning X3571: pow(f, e) will not work for negative f, use abs(f) or conditionally handle negative values if you expect them
C:\fakepath(46,9-43): warning X3571: pow(f, e) will not work for negative f, use abs(f) or conditionally handle negative values if you expect them

[1206/110500.242:WARNING:dns_config_service_win.cc(668)] Failed to read DnsConfig.
[1214/195804.535:WARNING:angle_platform_impl.cc(52)] compileToBinary(230): 
C:\fakepath(57,8-58): warning X3571: pow(f, e) will not work for negative f, use abs(f) or conditionally handle negative values if you expect them
C:\fakepath(65,9-43): warning X3571: pow(f, e) will not work for negative f, use abs(f) or conditionally handle negative values if you expect them

[1214/195804.623:WARNING:angle_platform_impl.cc(52)] compileToBinary(230): 
C:\fakepath(38,8-58): warning X3571: pow(f, e) will not work for negative f, use abs(f) or conditionally handle negative values if you expect them
C:\fakepath(46,9-43): warning X3571: pow(f, e) will not work for negative f, use abs(f) or conditionally handle negative values if you expect them

[1214/195913.194:WARNING:angle_platform_impl.cc(52)] compileToBinary(230): 
C:\fakepath(57,8-58): warning X3571: pow(f, e) will not work for negative f, use abs(f) or conditionally handle negative values if you expect them
C:\fakepath(65,9-43): warning X3571: pow(f, e) will not work for negative f, use abs(f) or conditionally handle negative values if you expect them

[1214/195913.278:WARNING:angle_platform_impl.cc(52)] compileToBinary(230): 
C:\fakepath(38,8-58): warning X3571: pow(f, e) will not work for negative f, use abs(f) or conditionally handle negative values if you expect them
C:\fakepath(46,9-43): warning X3571: pow(f, e) will not work for negative f, use abs(f) or conditionally handle negative values if you expect them

[1214/195914.023:INFO:CONSOLE(1)] "Long rAF frame-time", source: file:///C:/Program%20Files/Adobe/Adobe%20Photoshop%202020/Required/www-learn/build/external.js (1)
